2017-04-06 05:31:03.885+0000 INFO  [o.n.s.CommunityNeoServer]: Setting startup timeout to: 120000ms based on -1
2017-04-06 05:31:04.012+0000 INFO  [o.n.k.InternalAbstractGraphDatabase]: No locking implementation specified, defaulting to 'community'
2017-04-06 05:31:04.068+0000 INFO  [o.n.k.i.DiagnosticsManager]: --- INITIALIZED diagnostics START ---
2017-04-06 05:31:04.069+0000 INFO  [o.n.k.i.DiagnosticsManager]: Neo4j Kernel properties:
2017-04-06 05:31:04.070+0000 INFO  [o.n.k.i.DiagnosticsManager]: neostore.propertystore.db.mapped_memory=304M
2017-04-06 05:31:04.070+0000 INFO  [o.n.k.i.DiagnosticsManager]: neostore.nodestore.db.mapped_memory=84M
2017-04-06 05:31:04.070+0000 INFO  [o.n.k.i.DiagnosticsManager]: neostore.relationshipstore.db.mapped_memory=372M
2017-04-06 05:31:04.070+0000 INFO  [o.n.k.i.DiagnosticsManager]: neostore.propertystore.db.strings.mapped_memory=258M
2017-04-06 05:31:04.070+0000 INFO  [o.n.k.i.DiagnosticsManager]: store_dir=/home/abhigana/asset_portal/db/neo4j/development/data/graph.db
2017-04-06 05:31:04.070+0000 INFO  [o.n.k.i.DiagnosticsManager]: neostore.propertystore.db.arrays.mapped_memory=293M
2017-04-06 05:31:04.070+0000 INFO  [o.n.k.i.DiagnosticsManager]: remote_shell_enabled=true
2017-04-06 05:31:04.071+0000 INFO  [o.n.k.i.DiagnosticsManager]: Diagnostics providers:
2017-04-06 05:31:04.072+0000 INFO  [o.n.k.i.DiagnosticsManager]: org.neo4j.kernel.configuration.Config
2017-04-06 05:31:04.072+0000 INFO  [o.n.k.i.DiagnosticsManager]: org.neo4j.kernel.info.DiagnosticsManager
2017-04-06 05:31:04.072+0000 INFO  [o.n.k.i.DiagnosticsManager]: SYSTEM_MEMORY
2017-04-06 05:31:04.072+0000 INFO  [o.n.k.i.DiagnosticsManager]: JAVA_MEMORY
2017-04-06 05:31:04.072+0000 INFO  [o.n.k.i.DiagnosticsManager]: OPERATING_SYSTEM
2017-04-06 05:31:04.072+0000 INFO  [o.n.k.i.DiagnosticsManager]: JAVA_VIRTUAL_MACHINE
2017-04-06 05:31:04.072+0000 INFO  [o.n.k.i.DiagnosticsManager]: CLASSPATH
2017-04-06 05:31:04.072+0000 INFO  [o.n.k.i.DiagnosticsManager]: LIBRARY_PATH
2017-04-06 05:31:04.072+0000 INFO  [o.n.k.i.DiagnosticsManager]: SYSTEM_PROPERTIES
2017-04-06 05:31:04.072+0000 INFO  [o.n.k.i.DiagnosticsManager]: LINUX_SCHEDULERS
2017-04-06 05:31:04.072+0000 INFO  [o.n.k.i.DiagnosticsManager]: NETWORK
2017-04-06 05:31:04.072+0000 INFO  [o.n.k.i.DiagnosticsManager]: System memory information:
2017-04-06 05:31:04.079+0000 INFO  [o.n.k.i.DiagnosticsManager]: Total Physical memory: 3.77 GB
2017-04-06 05:31:04.080+0000 INFO  [o.n.k.i.DiagnosticsManager]: Free Physical memory: 587.19 MB
2017-04-06 05:31:04.080+0000 INFO  [o.n.k.i.DiagnosticsManager]: Committed virtual memory: 2.32 GB
2017-04-06 05:31:04.080+0000 INFO  [o.n.k.i.DiagnosticsManager]: Total swap space: 1.89 GB
2017-04-06 05:31:04.080+0000 INFO  [o.n.k.i.DiagnosticsManager]: Free swap space: 1.81 GB
2017-04-06 05:31:04.081+0000 INFO  [o.n.k.i.DiagnosticsManager]: JVM memory information:
2017-04-06 05:31:04.081+0000 INFO  [o.n.k.i.DiagnosticsManager]: Free  memory: 39.30 MB
2017-04-06 05:31:04.081+0000 INFO  [o.n.k.i.DiagnosticsManager]: Total memory: 58.31 MB
2017-04-06 05:31:04.081+0000 INFO  [o.n.k.i.DiagnosticsManager]: Max   memory: 933.88 MB
2017-04-06 05:31:04.088+0000 INFO  [o.n.k.i.DiagnosticsManager]: Garbage Collector: ParNew: [Par Eden Space, Par Survivor Space]
2017-04-06 05:31:04.088+0000 INFO  [o.n.k.i.DiagnosticsManager]: Garbage Collector: ConcurrentMarkSweep: [Par Eden Space, Par Survivor Space, CMS Old Gen, CMS Perm Gen]
2017-04-06 05:31:04.089+0000 INFO  [o.n.k.i.DiagnosticsManager]: Memory Pool: Code Cache (Non-heap memory): committed=2.44 MB, used=651.25 kB, max=48.00 MB, threshold=0.00 B
2017-04-06 05:31:04.090+0000 INFO  [o.n.k.i.DiagnosticsManager]: Memory Pool: Par Eden Space (Heap memory): committed=16.06 MB, used=14.77 MB, max=257.06 MB, threshold=?
2017-04-06 05:31:04.090+0000 INFO  [o.n.k.i.DiagnosticsManager]: Memory Pool: Par Survivor Space (Heap memory): committed=2.00 MB, used=2.00 MB, max=32.13 MB, threshold=?
2017-04-06 05:31:04.091+0000 INFO  [o.n.k.i.DiagnosticsManager]: Memory Pool: CMS Old Gen (Heap memory): committed=40.25 MB, used=2.24 MB, max=644.69 MB, threshold=0.00 B
2017-04-06 05:31:04.091+0000 INFO  [o.n.k.i.DiagnosticsManager]: Memory Pool: CMS Perm Gen (Non-heap memory): committed=20.75 MB, used=13.66 MB, max=166.00 MB, threshold=0.00 B
2017-04-06 05:31:04.091+0000 INFO  [o.n.k.i.DiagnosticsManager]: Operating system information:
2017-04-06 05:31:04.092+0000 INFO  [o.n.k.i.DiagnosticsManager]: Operating System: Linux; version: 3.13.0-24-generic; arch: amd64; cpus: 4
2017-04-06 05:31:04.092+0000 INFO  [o.n.k.i.DiagnosticsManager]: Max number of file descriptors: 4096
2017-04-06 05:31:04.092+0000 INFO  [o.n.k.i.DiagnosticsManager]: Number of open file descriptors: 79
2017-04-06 05:31:04.092+0000 INFO  [o.n.k.i.DiagnosticsManager]: Process id: 318@abhigana-Inspiron-3542
2017-04-06 05:31:04.092+0000 INFO  [o.n.k.i.DiagnosticsManager]: Byte order: LITTLE_ENDIAN
2017-04-06 05:31:04.093+0000 INFO  [o.n.k.i.DiagnosticsManager]: Local timezone: Asia/Kolkata
2017-04-06 05:31:04.093+0000 INFO  [o.n.k.i.DiagnosticsManager]: JVM information:
2017-04-06 05:31:04.093+0000 INFO  [o.n.k.i.DiagnosticsManager]: VM Name: OpenJDK 64-Bit Server VM
2017-04-06 05:31:04.093+0000 INFO  [o.n.k.i.DiagnosticsManager]: VM Vendor: Oracle Corporation
2017-04-06 05:31:04.093+0000 INFO  [o.n.k.i.DiagnosticsManager]: VM Version: 24.121-b00
2017-04-06 05:31:04.093+0000 INFO  [o.n.k.i.DiagnosticsManager]: JIT compiler: HotSpot 64-Bit Tiered Compilers
2017-04-06 05:31:04.093+0000 INFO  [o.n.k.i.DiagnosticsManager]: VM Arguments: [-XX:+DisableExplicitGC, -Dorg.neo4j.server.properties=conf/neo4j-server.properties, -Djava.util.logging.config.file=conf/logging.properties, -Dlog4j.configuration=file:conf/log4j.properties, -XX:+UseConcMarkSweepGC, -XX:+CMSClassUnloadingEnabled, -XX:-OmitStackTraceInFastThrow, -Dneo4j.home=/home/abhigana/asset_portal/db/neo4j/development, -Dneo4j.instance=/home/abhigana/asset_portal/db/neo4j/development, -Dfile.encoding=UTF-8]
2017-04-06 05:31:04.093+0000 INFO  [o.n.k.i.DiagnosticsManager]: Java classpath:
2017-04-06 05:31:04.095+0000 INFO  [o.n.k.i.DiagnosticsManager]:  [classpath + loader.0] file:/home/abhigana/asset_portal/db/neo4j/development/system/lib/jetty-webapp-9.0.5.v20130815.jar
2017-04-06 05:31:04.095+0000 INFO  [o.n.k.i.DiagnosticsManager]:  [loader.1] file:/usr/lib/jvm/java-7-openjdk-amd64/jre/lib/ext/libatk-wrapper.so
2017-04-06 05:31:04.095+0000 INFO  [o.n.k.i.DiagnosticsManager]:  [classpath + loader.0] file:/home/abhigana/asset_portal/db/neo4j/development/system/lib/jersey-server-1.9.jar
2017-04-06 05:31:04.095+0000 INFO  [o.n.k.i.DiagnosticsManager]:  [classpath + loader.0] file:/home/abhigana/asset_portal/db/neo4j/development/system/lib/commons-configuration-1.6.jar
2017-04-06 05:31:04.095+0000 INFO  [o.n.k.i.DiagnosticsManager]:  [classpath + loader.0] file:/home/abhigana/asset_portal/db/neo4j/development/system/lib/commons-beanutils-1.8.0.jar
2017-04-06 05:31:04.095+0000 INFO  [o.n.k.i.DiagnosticsManager]:  [classpath + loader.0] file:/home/abhigana/asset_portal/db/neo4j/development/system/lib/slf4j-api-1.6.2.jar
2017-04-06 05:31:04.095+0000 INFO  [o.n.k.i.DiagnosticsManager]:  [classpath + loader.0] file:/home/abhigana/asset_portal/db/neo4j/development/system/lib/jetty-security-9.0.5.v20130815.jar
2017-04-06 05:31:04.095+0000 INFO  [o.n.k.i.DiagnosticsManager]:  [bootstrap] /usr/lib/jvm/java-7-openjdk-amd64/jre/lib/charsets.jar
2017-04-06 05:31:04.095+0000 INFO  [o.n.k.i.DiagnosticsManager]:  [classpath + loader.0] file:/home/abhigana/asset_portal/db/neo4j/development/lib/neo4j-cypher-compiler-1.9-2.0.3.jar
2017-04-06 05:31:04.096+0000 INFO  [o.n.k.i.DiagnosticsManager]:  [classpath + loader.0] file:/home/abhigana/asset_portal/db/neo4j/development/system/lib/mimepull-1.6.jar
2017-04-06 05:31:04.096+0000 INFO  [o.n.k.i.DiagnosticsManager]:  [bootstrap] /usr/lib/jvm/java-7-openjdk-amd64/jre/lib/sunrsasign.jar
2017-04-06 05:31:04.096+0000 INFO  [o.n.k.i.DiagnosticsManager]:  [classpath + loader.0] file:/home/abhigana/asset_portal/db/neo4j/development/lib/neo4j-graph-matching-2.1.6.jar
2017-04-06 05:31:04.096+0000 INFO  [o.n.k.i.DiagnosticsManager]:  [bootstrap] /usr/lib/jvm/java-7-openjdk-amd64/jre/lib/rhino.jar
2017-04-06 05:31:04.096+0000 INFO  [o.n.k.i.DiagnosticsManager]:  [classpath + loader.0] file:/home/abhigana/asset_portal/db/neo4j/development/lib/neo4j-primitive-collections-2.1.6.jar
2017-04-06 05:31:04.096+0000 INFO  [o.n.k.i.DiagnosticsManager]:  [loader.1] file:/usr/lib/jvm/java-7-openjdk-amd64/jre/lib/ext/zipfs.jar
2017-04-06 05:31:04.096+0000 INFO  [o.n.k.i.DiagnosticsManager]:  [classpath + loader.0] file:/home/abhigana/asset_portal/db/neo4j/development/system/lib/logback-access-1.1.2.jar
2017-04-06 05:31:04.096+0000 INFO  [o.n.k.i.DiagnosticsManager]:  [loader.1] file:/usr/lib/jvm/java-7-openjdk-amd64/jre/lib/ext/sunpkcs11.jar
2017-04-06 05:31:04.096+0000 INFO  [o.n.k.i.DiagnosticsManager]:  [classpath + loader.0] file:/home/abhigana/asset_portal/db/neo4j/development/lib/neo4j-shell-2.1.6.jar
2017-04-06 05:31:04.096+0000 INFO  [o.n.k.i.DiagnosticsManager]:  [classpath + loader.0] file:/home/abhigana/asset_portal/db/neo4j/development/system/lib/jersey-core-1.9.jar
2017-04-06 05:31:04.096+0000 INFO  [o.n.k.i.DiagnosticsManager]:  [classpath + loader.0] file:/home/abhigana/asset_portal/db/neo4j/development/system/lib/commons-collections-3.2.1.jar
2017-04-06 05:31:04.096+0000 INFO  [o.n.k.i.DiagnosticsManager]:  [classpath + loader.0] file:/home/abhigana/asset_portal/db/neo4j/development/system/lib/javax.servlet-3.0.0.v201112011016.jar
2017-04-06 05:31:04.096+0000 INFO  [o.n.k.i.DiagnosticsManager]:  [classpath + loader.0] file:/home/abhigana/asset_portal/db/neo4j/development/lib/neo4j-cypher-2.1.6.jar
2017-04-06 05:31:04.096+0000 INFO  [o.n.k.i.DiagnosticsManager]:  [classpath + loader.0] file:/home/abhigana/asset_portal/db/neo4j/development/system/lib/jetty-servlet-9.0.5.v20130815.jar
2017-04-06 05:31:04.096+0000 INFO  [o.n.k.i.DiagnosticsManager]:  [classpath + loader.0] file:/home/abhigana/asset_portal/db/neo4j/development/system/lib/jsr311-api-1.1.2.r612.jar
2017-04-06 05:31:04.096+0000 INFO  [o.n.k.i.DiagnosticsManager]:  [classpath + loader.0] file:/home/abhigana/asset_portal/db/neo4j/development/lib/org.apache.servicemix.bundles.jline-0.9.94_1.jar
2017-04-06 05:31:04.096+0000 INFO  [o.n.k.i.DiagnosticsManager]:  [classpath + loader.0] file:/home/abhigana/asset_portal/db/neo4j/development/lib/parboiled-core-1.1.6.jar
2017-04-06 05:31:04.096+0000 INFO  [o.n.k.i.DiagnosticsManager]:  [classpath + loader.0] file:/home/abhigana/asset_portal/db/neo4j/development/system/lib/janino-2.6.1.jar
2017-04-06 05:31:04.096+0000 INFO  [o.n.k.i.DiagnosticsManager]:  [bootstrap] /usr/lib/jvm/java-7-openjdk-amd64/jre/lib/resources.jar
2017-04-06 05:31:04.096+0000 INFO  [o.n.k.i.DiagnosticsManager]:  [classpath + loader.0] file:/home/abhigana/asset_portal/db/neo4j/development/system/lib/commons-lang-2.4.jar
2017-04-06 05:31:04.096+0000 INFO  [o.n.k.i.DiagnosticsManager]:  [classpath + loader.0] file:/home/abhigana/asset_portal/db/neo4j/development/system/lib/logback-core-1.1.2.jar
2017-04-06 05:31:04.096+0000 INFO  [o.n.k.i.DiagnosticsManager]:  [classpath + loader.0] file:/home/abhigana/asset_portal/db/neo4j/development/lib/neo4j-lucene-index-2.1.6.jar
2017-04-06 05:31:04.096+0000 INFO  [o.n.k.i.DiagnosticsManager]:  [classpath + loader.0] file:/home/abhigana/asset_portal/db/neo4j/development/system/lib/jcl-over-slf4j-1.6.1.jar
2017-04-06 05:31:04.096+0000 INFO  [o.n.k.i.DiagnosticsManager]:  [classpath + loader.0] file:/home/abhigana/asset_portal/db/neo4j/development/system/lib/neo4j-server-2.1.6-static-web.jar
2017-04-06 05:31:04.096+0000 INFO  [o.n.k.i.DiagnosticsManager]:  [loader.1] file:/usr/lib/jvm/java-7-openjdk-amd64/jre/lib/ext/icedtea-sound.jar
2017-04-06 05:31:04.097+0000 INFO  [o.n.k.i.DiagnosticsManager]:  [classpath + loader.0] file:/home/abhigana/asset_portal/db/neo4j/development/lib/opencsv-2.3.jar
2017-04-06 05:31:04.097+0000 INFO  [o.n.k.i.DiagnosticsManager]:  [classpath + loader.0] file:/home/abhigana/asset_portal/db/neo4j/development/system/lib/neo4j-browser-2.1.6.jar
2017-04-06 05:31:04.097+0000 INFO  [o.n.k.i.DiagnosticsManager]:  [loader.1] file:/usr/lib/jvm/java-7-openjdk-amd64/jre/lib/ext/sunjce_provider.jar
2017-04-06 05:31:04.097+0000 INFO  [o.n.k.i.DiagnosticsManager]:  [classpath + loader.0] file:/home/abhigana/asset_portal/db/neo4j/development/system/lib/jetty-io-9.0.5.v20130815.jar
2017-04-06 05:31:04.097+0000 INFO  [o.n.k.i.DiagnosticsManager]:  [classpath + loader.0] file:/home/abhigana/asset_portal/db/neo4j/development/system/lib/jetty-server-9.0.5.v20130815.jar
2017-04-06 05:31:04.097+0000 INFO  [o.n.k.i.DiagnosticsManager]:  [classpath + loader.0] file:/home/abhigana/asset_portal/db/neo4j/development/lib/concurrentlinkedhashmap-lru-1.3.1.jar
2017-04-06 05:31:04.097+0000 INFO  [o.n.k.i.DiagnosticsManager]:  [classpath + loader.0] file:/home/abhigana/asset_portal/db/neo4j/development/lib/lucene-core-3.6.2.jar
2017-04-06 05:31:04.097+0000 INFO  [o.n.k.i.DiagnosticsManager]:  [bootstrap] /usr/lib/jvm/java-7-openjdk-amd64/jre/lib/jce.jar
2017-04-06 05:31:04.097+0000 INFO  [o.n.k.i.DiagnosticsManager]:  [loader.1] file:/usr/lib/jvm/java-7-openjdk-amd64/jre/lib/ext/dnsns.jar
2017-04-06 05:31:04.097+0000 INFO  [o.n.k.i.DiagnosticsManager]:  [classpath + loader.0] file:/home/abhigana/asset_portal/db/neo4j/development/system/lib/commons-digester-1.8.1.jar
2017-04-06 05:31:04.097+0000 INFO  [o.n.k.i.DiagnosticsManager]:  [classpath + loader.0] file:/home/abhigana/asset_portal/db/neo4j/development/conf/
2017-04-06 05:31:04.097+0000 INFO  [o.n.k.i.DiagnosticsManager]:  [classpath + loader.0] file:/home/abhigana/asset_portal/db/neo4j/development/lib/neo4j-cypher-compiler-2.0-2.0.3.jar
2017-04-06 05:31:04.097+0000 INFO  [o.n.k.i.DiagnosticsManager]:  [bootstrap] /usr/lib/jvm/java-7-openjdk-amd64/jre/lib/jsse.jar
2017-04-06 05:31:04.097+0000 INFO  [o.n.k.i.DiagnosticsManager]:  [classpath + loader.0] file:/home/abhigana/asset_portal/db/neo4j/development/system/lib/jackson-mapper-asl-1.9.7.jar
2017-04-06 05:31:04.097+0000 INFO  [o.n.k.i.DiagnosticsManager]:  [classpath + loader.0] file:/home/abhigana/asset_portal/db/neo4j/development/lib/scala-library-2.10.4.jar
2017-04-06 05:31:04.097+0000 INFO  [o.n.k.i.DiagnosticsManager]:  [classpath + loader.0] file:/home/abhigana/asset_portal/db/neo4j/development/lib/neo4j-graph-algo-2.1.6.jar
2017-04-06 05:31:04.097+0000 INFO  [o.n.k.i.DiagnosticsManager]:  [classpath + loader.0] file:/home/abhigana/asset_portal/db/neo4j/development/lib/neo4j-cypher-compiler-2.1-2.1.6.jar
2017-04-06 05:31:04.097+0000 INFO  [o.n.k.i.DiagnosticsManager]:  [classpath + loader.0] file:/home/abhigana/asset_portal/db/neo4j/development/system/lib/jetty-util-9.0.5.v20130815.jar
2017-04-06 05:31:04.097+0000 INFO  [o.n.k.i.DiagnosticsManager]:  [classpath + loader.0] file:/home/abhigana/asset_portal/db/neo4j/development/system/lib/commons-logging-1.1.1.jar
2017-04-06 05:31:04.097+0000 INFO  [o.n.k.i.DiagnosticsManager]:  [loader.1] file:/usr/lib/jvm/java-7-openjdk-amd64/jre/lib/ext/java-atk-wrapper.jar
2017-04-06 05:31:04.097+0000 INFO  [o.n.k.i.DiagnosticsManager]:  [classpath + loader.0] file:/home/abhigana/asset_portal/db/neo4j/development/lib/parboiled-scala_2.10-1.1.6.jar
2017-04-06 05:31:04.097+0000 INFO  [o.n.k.i.DiagnosticsManager]:  [classpath + loader.0] file:/home/abhigana/asset_portal/db/neo4j/development/lib/neo4j-kernel-2.1.6.jar
2017-04-06 05:31:04.097+0000 INFO  [o.n.k.i.DiagnosticsManager]:  [bootstrap] /usr/lib/jvm/java-7-openjdk-amd64/jre/classes
2017-04-06 05:31:04.097+0000 INFO  [o.n.k.i.DiagnosticsManager]:  [classpath + loader.0] file:/home/abhigana/asset_portal/db/neo4j/development/system/lib/jackson-jaxrs-1.9.7.jar
2017-04-06 05:31:04.097+0000 INFO  [o.n.k.i.DiagnosticsManager]:  [classpath + loader.0] file:/home/abhigana/asset_portal/db/neo4j/development/system/lib/opencsv-2.3.jar
2017-04-06 05:31:04.097+0000 INFO  [o.n.k.i.DiagnosticsManager]:  [bootstrap] /usr/lib/jvm/java-7-openjdk-amd64/jre/lib/jfr.jar
2017-04-06 05:31:04.097+0000 INFO  [o.n.k.i.DiagnosticsManager]:  [classpath + loader.0] file:/home/abhigana/asset_portal/db/neo4j/development/system/lib/jetty-xml-9.0.5.v20130815.jar
2017-04-06 05:31:04.098+0000 INFO  [o.n.k.i.DiagnosticsManager]:  [classpath + loader.0] file:/home/abhigana/asset_portal/db/neo4j/development/system/lib/asm-3.1.jar
2017-04-06 05:31:04.098+0000 INFO  [o.n.k.i.DiagnosticsManager]:  [classpath + loader.0] file:/home/abhigana/asset_portal/db/neo4j/development/lib/neo4j-cypher-commons-2.1.6.jar
2017-04-06 05:31:04.098+0000 INFO  [o.n.k.i.DiagnosticsManager]:  [classpath + loader.0] file:/home/abhigana/asset_portal/db/neo4j/development/system/lib/jackson-core-asl-1.9.7.jar
2017-04-06 05:31:04.098+0000 INFO  [o.n.k.i.DiagnosticsManager]:  [bootstrap] /usr/lib/jvm/java-7-openjdk-amd64/jre/lib/rt.jar
2017-04-06 05:31:04.098+0000 INFO  [o.n.k.i.DiagnosticsManager]:  [classpath + loader.0] file:/home/abhigana/asset_portal/db/neo4j/development/system/lib/neo4j-server-2.1.6.jar
2017-04-06 05:31:04.098+0000 INFO  [o.n.k.i.DiagnosticsManager]:  [classpath + loader.0] file:/home/abhigana/asset_portal/db/neo4j/development/system/lib/logback-classic-1.1.2.jar
2017-04-06 05:31:04.098+0000 INFO  [o.n.k.i.DiagnosticsManager]:  [classpath + loader.0] file:/home/abhigana/asset_portal/db/neo4j/development/lib/neo4j-udc-2.1.6.jar
2017-04-06 05:31:04.098+0000 INFO  [o.n.k.i.DiagnosticsManager]:  [classpath + loader.0] file:/home/abhigana/asset_portal/db/neo4j/development/system/lib/rrd4j-2.0.7.jar
2017-04-06 05:31:04.098+0000 INFO  [o.n.k.i.DiagnosticsManager]:  [classpath + loader.0] file:/home/abhigana/asset_portal/db/neo4j/development/system/lib/commons-compiler-2.6.1.jar
2017-04-06 05:31:04.098+0000 INFO  [o.n.k.i.DiagnosticsManager]:  [classpath + loader.0] file:/home/abhigana/asset_portal/db/neo4j/development/system/lib/jersey-multipart-1.9.jar
2017-04-06 05:31:04.098+0000 INFO  [o.n.k.i.DiagnosticsManager]:  [classpath + loader.0] file:/home/abhigana/asset_portal/db/neo4j/development/system/lib/commons-io-1.4.jar
2017-04-06 05:31:04.098+0000 INFO  [o.n.k.i.DiagnosticsManager]:  [classpath + loader.0] file:/home/abhigana/asset_portal/db/neo4j/development/system/lib/commons-beanutils-core-1.8.0.jar
2017-04-06 05:31:04.098+0000 INFO  [o.n.k.i.DiagnosticsManager]:  [classpath + loader.0] file:/home/abhigana/asset_portal/db/neo4j/development/lib/server-api-2.1.6.jar
2017-04-06 05:31:04.098+0000 INFO  [o.n.k.i.DiagnosticsManager]:  [classpath + loader.0] file:/home/abhigana/asset_portal/db/neo4j/development/lib/geronimo-jta_1.1_spec-1.1.1.jar
2017-04-06 05:31:04.098+0000 INFO  [o.n.k.i.DiagnosticsManager]:  [classpath + loader.0] file:/home/abhigana/asset_portal/db/neo4j/development/system/lib/bcprov-jdk16-140.jar
2017-04-06 05:31:04.098+0000 INFO  [o.n.k.i.DiagnosticsManager]:  [loader.1] file:/usr/lib/jvm/java-7-openjdk-amd64/jre/lib/ext/localedata.jar
2017-04-06 05:31:04.098+0000 INFO  [o.n.k.i.DiagnosticsManager]:  [classpath + loader.0] file:/home/abhigana/asset_portal/db/neo4j/development/system/lib/rhino-1.7R4.jar
2017-04-06 05:31:04.098+0000 INFO  [o.n.k.i.DiagnosticsManager]:  [classpath + loader.0] file:/home/abhigana/asset_portal/db/neo4j/development/lib/neo4j-jmx-2.1.6.jar
2017-04-06 05:31:04.098+0000 INFO  [o.n.k.i.DiagnosticsManager]:  [classpath + loader.0] file:/home/abhigana/asset_portal/db/neo4j/development/system/lib/jetty-http-9.0.5.v20130815.jar
2017-04-06 05:31:04.098+0000 INFO  [o.n.k.i.DiagnosticsManager]: Library path:
2017-04-06 05:31:04.098+0000 INFO  [o.n.k.i.DiagnosticsManager]: /usr/java/packages/lib/amd64
2017-04-06 05:31:04.098+0000 INFO  [o.n.k.i.DiagnosticsManager]: /usr/lib/x86_64-linux-gnu/jni
2017-04-06 05:31:04.099+0000 INFO  [o.n.k.i.DiagnosticsManager]: /lib/x86_64-linux-gnu
2017-04-06 05:31:04.099+0000 INFO  [o.n.k.i.DiagnosticsManager]: /usr/lib/x86_64-linux-gnu
2017-04-06 05:31:04.099+0000 INFO  [o.n.k.i.DiagnosticsManager]: /usr/lib/jni
2017-04-06 05:31:04.099+0000 INFO  [o.n.k.i.DiagnosticsManager]: /lib
2017-04-06 05:31:04.099+0000 INFO  [o.n.k.i.DiagnosticsManager]: /usr/lib
2017-04-06 05:31:04.099+0000 INFO  [o.n.k.i.DiagnosticsManager]: System.properties:
2017-04-06 05:31:04.099+0000 INFO  [o.n.k.i.DiagnosticsManager]: sun.boot.library.path = /usr/lib/jvm/java-7-openjdk-amd64/jre/lib/amd64
2017-04-06 05:31:04.099+0000 INFO  [o.n.k.i.DiagnosticsManager]: org.neo4j.server.properties = conf/neo4j-server.properties
2017-04-06 05:31:04.099+0000 INFO  [o.n.k.i.DiagnosticsManager]: path.separator = :
2017-04-06 05:31:04.099+0000 INFO  [o.n.k.i.DiagnosticsManager]: file.encoding.pkg = sun.io
2017-04-06 05:31:04.099+0000 INFO  [o.n.k.i.DiagnosticsManager]: user.country = IN
2017-04-06 05:31:04.099+0000 INFO  [o.n.k.i.DiagnosticsManager]: sun.java.launcher = SUN_STANDARD
2017-04-06 05:31:04.099+0000 INFO  [o.n.k.i.DiagnosticsManager]: sun.os.patch.level = unknown
2017-04-06 05:31:04.099+0000 INFO  [o.n.k.i.DiagnosticsManager]: user.dir = /home/abhigana/asset_portal/db/neo4j/development
2017-04-06 05:31:04.100+0000 INFO  [o.n.k.i.DiagnosticsManager]: log4j.configuration = file:conf/log4j.properties
2017-04-06 05:31:04.100+0000 INFO  [o.n.k.i.DiagnosticsManager]: sun.jnu.encoding = UTF-8
2017-04-06 05:31:04.100+0000 INFO  [o.n.k.i.DiagnosticsManager]: sun.management.compiler = HotSpot 64-Bit Tiered Compilers
2017-04-06 05:31:04.100+0000 INFO  [o.n.k.i.DiagnosticsManager]: user.home = /home/abhigana
2017-04-06 05:31:04.100+0000 INFO  [o.n.k.i.DiagnosticsManager]: user.timezone = Asia/Kolkata
2017-04-06 05:31:04.100+0000 INFO  [o.n.k.i.DiagnosticsManager]: file.encoding = UTF-8
2017-04-06 05:31:04.100+0000 INFO  [o.n.k.i.DiagnosticsManager]: user.name = abhigana
2017-04-06 05:31:04.100+0000 INFO  [o.n.k.i.DiagnosticsManager]: sun.java.command = org.neo4j.server.Bootstrapper
2017-04-06 05:31:04.100+0000 INFO  [o.n.k.i.DiagnosticsManager]: sun.arch.data.model = 64
2017-04-06 05:31:04.100+0000 INFO  [o.n.k.i.DiagnosticsManager]: user.language = en
2017-04-06 05:31:04.100+0000 INFO  [o.n.k.i.DiagnosticsManager]: awt.toolkit = sun.awt.X11.XToolkit
2017-04-06 05:31:04.100+0000 INFO  [o.n.k.i.DiagnosticsManager]: file.separator = /
2017-04-06 05:31:04.100+0000 INFO  [o.n.k.i.DiagnosticsManager]: sun.io.unicode.encoding = UnicodeLittle
2017-04-06 05:31:04.100+0000 INFO  [o.n.k.i.DiagnosticsManager]: sun.cpu.endian = little
2017-04-06 05:31:04.100+0000 INFO  [o.n.k.i.DiagnosticsManager]: neo4j.instance = /home/abhigana/asset_portal/db/neo4j/development
2017-04-06 05:31:04.100+0000 INFO  [o.n.k.i.DiagnosticsManager]: sun.desktop = gnome
2017-04-06 05:31:04.100+0000 INFO  [o.n.k.i.DiagnosticsManager]: neo4j.home = /home/abhigana/asset_portal/db/neo4j/development
2017-04-06 05:31:04.100+0000 INFO  [o.n.k.i.DiagnosticsManager]: sun.cpu.isalist = 
2017-04-06 05:31:04.100+0000 INFO  [o.n.k.i.DiagnosticsManager]: Linux scheduler information:
2017-04-06 05:31:04.102+0000 INFO  [o.n.k.i.DiagnosticsManager]: noop [deadline] cfq 
2017-04-06 05:31:04.102+0000 INFO  [o.n.k.i.DiagnosticsManager]: noop [deadline] cfq 
2017-04-06 05:31:04.102+0000 INFO  [o.n.k.i.DiagnosticsManager]: noop [deadline] cfq 
2017-04-06 05:31:04.102+0000 INFO  [o.n.k.i.DiagnosticsManager]: none
2017-04-06 05:31:04.102+0000 INFO  [o.n.k.i.DiagnosticsManager]: none
2017-04-06 05:31:04.102+0000 INFO  [o.n.k.i.DiagnosticsManager]: none
2017-04-06 05:31:04.103+0000 INFO  [o.n.k.i.DiagnosticsManager]: none
2017-04-06 05:31:04.103+0000 INFO  [o.n.k.i.DiagnosticsManager]: none
2017-04-06 05:31:04.103+0000 INFO  [o.n.k.i.DiagnosticsManager]: none
2017-04-06 05:31:04.103+0000 INFO  [o.n.k.i.DiagnosticsManager]: none
2017-04-06 05:31:04.103+0000 INFO  [o.n.k.i.DiagnosticsManager]: none
2017-04-06 05:31:04.103+0000 INFO  [o.n.k.i.DiagnosticsManager]: none
2017-04-06 05:31:04.103+0000 INFO  [o.n.k.i.DiagnosticsManager]: none
2017-04-06 05:31:04.104+0000 INFO  [o.n.k.i.DiagnosticsManager]: none
2017-04-06 05:31:04.104+0000 INFO  [o.n.k.i.DiagnosticsManager]: none
2017-04-06 05:31:04.104+0000 INFO  [o.n.k.i.DiagnosticsManager]: none
2017-04-06 05:31:04.104+0000 INFO  [o.n.k.i.DiagnosticsManager]: none
2017-04-06 05:31:04.104+0000 INFO  [o.n.k.i.DiagnosticsManager]: none
2017-04-06 05:31:04.104+0000 INFO  [o.n.k.i.DiagnosticsManager]: none
2017-04-06 05:31:04.104+0000 INFO  [o.n.k.i.DiagnosticsManager]: none
2017-04-06 05:31:04.104+0000 INFO  [o.n.k.i.DiagnosticsManager]: none
2017-04-06 05:31:04.105+0000 INFO  [o.n.k.i.DiagnosticsManager]: none
2017-04-06 05:31:04.105+0000 INFO  [o.n.k.i.DiagnosticsManager]: none
2017-04-06 05:31:04.105+0000 INFO  [o.n.k.i.DiagnosticsManager]: none
2017-04-06 05:31:04.105+0000 INFO  [o.n.k.i.DiagnosticsManager]: none
2017-04-06 05:31:04.105+0000 INFO  [o.n.k.i.DiagnosticsManager]: none
2017-04-06 05:31:04.105+0000 INFO  [o.n.k.i.DiagnosticsManager]: none
2017-04-06 05:31:04.105+0000 INFO  [o.n.k.i.DiagnosticsManager]: Network information:
2017-04-06 05:31:04.106+0000 INFO  [o.n.k.i.DiagnosticsManager]: Interface wlan0:
2017-04-06 05:31:04.106+0000 INFO  [o.n.k.i.DiagnosticsManager]:     address: fe80:0:0:0:271:ccff:fe00:87db%3
2017-04-06 05:31:04.106+0000 INFO  [o.n.k.i.DiagnosticsManager]:     address: 172.16.93.61
2017-04-06 05:31:04.107+0000 INFO  [o.n.k.i.DiagnosticsManager]: Interface lo:
2017-04-06 05:31:04.107+0000 INFO  [o.n.k.i.DiagnosticsManager]:     address: 0:0:0:0:0:0:0:1%1
2017-04-06 05:31:04.107+0000 INFO  [o.n.k.i.DiagnosticsManager]:     address: 127.0.0.1
2017-04-06 05:31:04.107+0000 INFO  [o.n.k.i.DiagnosticsManager]: --- INITIALIZED diagnostics END ---
2017-04-06 05:31:04.263+0000 INFO  [o.n.k.i.n.s.StoreFactory]: Creating new db @ /home/abhigana/asset_portal/db/neo4j/development/data/graph.db/neostore
2017-04-06 05:31:05.299+0000 INFO  [o.n.k.i.n.s.StoreFactory]: [/home/abhigana/asset_portal/db/neo4j/development/data/graph.db/neostore.relationshiptypestore.db.names] brickCount=0 brickSize=0b mappedMem=0b (storeSize=38b)
2017-04-06 05:31:05.300+0000 INFO  [o.n.k.i.n.s.StoreFactory]: [/home/abhigana/asset_portal/db/neo4j/development/data/graph.db/neostore.relationshiptypestore.db] brickCount=0 brickSize=0b mappedMem=0b (storeSize=0b)
2017-04-06 05:31:05.362+0000 INFO  [o.n.k.i.n.s.StoreFactory]: /home/abhigana/asset_portal/db/neo4j/development/data/graph.db/neostore.relationshiptypestore.db.names hit=0 miss=0 switches=0 ooe=0
2017-04-06 05:31:05.440+0000 INFO  [o.n.k.i.n.s.StoreFactory]: /home/abhigana/asset_portal/db/neo4j/development/data/graph.db/neostore.relationshiptypestore.db hit=0 miss=0 switches=0 ooe=0
2017-04-06 05:31:05.730+0000 INFO  [o.n.k.i.n.s.StoreFactory]: [/home/abhigana/asset_portal/db/neo4j/development/data/graph.db/neostore.labeltokenstore.db.names] brickCount=0 brickSize=0b mappedMem=0b (storeSize=38b)
2017-04-06 05:31:05.731+0000 INFO  [o.n.k.i.n.s.StoreFactory]: [/home/abhigana/asset_portal/db/neo4j/development/data/graph.db/neostore.labeltokenstore.db] brickCount=0 brickSize=0b mappedMem=0b (storeSize=0b)
2017-04-06 05:31:05.766+0000 INFO  [o.n.k.i.n.s.StoreFactory]: /home/abhigana/asset_portal/db/neo4j/development/data/graph.db/neostore.labeltokenstore.db.names hit=0 miss=0 switches=0 ooe=0
2017-04-06 05:31:05.833+0000 INFO  [o.n.k.i.n.s.StoreFactory]: /home/abhigana/asset_portal/db/neo4j/development/data/graph.db/neostore.labeltokenstore.db hit=0 miss=0 switches=0 ooe=0
2017-04-06 05:31:06.118+0000 INFO  [o.n.k.i.n.s.StoreFactory]: [/home/abhigana/asset_portal/db/neo4j/development/data/graph.db/neostore.relationshiptypestore.db.names] brickCount=0 brickSize=0b mappedMem=0b (storeSize=38b)
2017-04-06 05:31:06.118+0000 INFO  [o.n.k.i.n.s.StoreFactory]: [/home/abhigana/asset_portal/db/neo4j/development/data/graph.db/neostore.relationshiptypestore.db] brickCount=0 brickSize=0b mappedMem=0b (storeSize=0b)
2017-04-06 05:31:06.119+0000 INFO  [o.n.k.i.n.s.StoreFactory]: [/home/abhigana/asset_portal/db/neo4j/development/data/graph.db/neostore.labeltokenstore.db.names] brickCount=0 brickSize=0b mappedMem=0b (storeSize=38b)
2017-04-06 05:31:06.119+0000 INFO  [o.n.k.i.n.s.StoreFactory]: [/home/abhigana/asset_portal/db/neo4j/development/data/graph.db/neostore.labeltokenstore.db] brickCount=0 brickSize=0b mappedMem=0b (storeSize=0b)
2017-04-06 05:31:06.120+0000 INFO  [o.n.k.i.n.s.StoreFactory]: [/home/abhigana/asset_portal/db/neo4j/development/data/graph.db/neostore.propertystore.db.strings] brickCount=0 brickSize=270464b mappedMem=270532608b (storeSize=128b)
2017-04-06 05:31:06.120+0000 INFO  [o.n.k.i.n.s.StoreFactory]: [/home/abhigana/asset_portal/db/neo4j/development/data/graph.db/neostore.propertystore.db.index.keys] brickCount=0 brickSize=0b mappedMem=0b (storeSize=38b)
2017-04-06 05:31:06.121+0000 INFO  [o.n.k.i.n.s.StoreFactory]: [/home/abhigana/asset_portal/db/neo4j/development/data/graph.db/neostore.propertystore.db.index] brickCount=0 brickSize=0b mappedMem=0b (storeSize=0b)
2017-04-06 05:31:06.122+0000 INFO  [o.n.k.i.n.s.StoreFactory]: [/home/abhigana/asset_portal/db/neo4j/development/data/graph.db/neostore.propertystore.db.arrays] brickCount=0 brickSize=307200b mappedMem=307232768b (storeSize=128b)
2017-04-06 05:31:06.125+0000 INFO  [o.n.k.i.n.s.StoreFactory]: [/home/abhigana/asset_portal/db/neo4j/development/data/graph.db/neostore.propertystore.db] brickCount=0 brickSize=3187668b mappedMem=318767104b (storeSize=0b)
2017-04-06 05:31:06.128+0000 INFO  [o.n.k.i.n.s.StoreFactory]: [/home/abhigana/asset_portal/db/neo4j/development/data/graph.db/neostore.relationshipstore.db] brickCount=0 brickSize=3900684b mappedMem=390070272b (storeSize=0b)
2017-04-06 05:31:06.128+0000 INFO  [o.n.k.i.n.s.StoreFactory]: [/home/abhigana/asset_portal/db/neo4j/development/data/graph.db/neostore.nodestore.db.labels] brickCount=0 brickSize=0b mappedMem=0b (storeSize=68b)
2017-04-06 05:31:06.130+0000 INFO  [o.n.k.i.n.s.StoreFactory]: [/home/abhigana/asset_portal/db/neo4j/development/data/graph.db/neostore.nodestore.db] brickCount=0 brickSize=880800b mappedMem=88080384b (storeSize=0b)
2017-04-06 05:31:06.131+0000 INFO  [o.n.k.i.n.s.StoreFactory]: [/home/abhigana/asset_portal/db/neo4j/development/data/graph.db/neostore.schemastore.db] brickCount=0 brickSize=0b mappedMem=0b (storeSize=64b)
2017-04-06 05:31:06.133+0000 INFO  [o.n.k.i.n.s.StoreFactory]: [/home/abhigana/asset_portal/db/neo4j/development/data/graph.db/neostore.relationshipgroupstore.db] brickCount=0 brickSize=0b mappedMem=0b (storeSize=25b)
2017-04-06 05:31:06.134+0000 INFO  [o.n.k.i.n.s.StoreFactory]: [/home/abhigana/asset_portal/db/neo4j/development/data/graph.db/neostore] brickCount=0 brickSize=0b mappedMem=0b (storeSize=0b)
2017-04-06 05:31:06.191+0000 INFO  [o.n.k.i.n.s.StoreFactory]: /home/abhigana/asset_portal/db/neo4j/development/data/graph.db/neostore.relationshiptypestore.db.names hit=0 miss=0 switches=0 ooe=0
2017-04-06 05:31:06.258+0000 INFO  [o.n.k.i.n.s.StoreFactory]: /home/abhigana/asset_portal/db/neo4j/development/data/graph.db/neostore.relationshiptypestore.db hit=0 miss=0 switches=0 ooe=0
2017-04-06 05:31:06.325+0000 INFO  [o.n.k.i.n.s.StoreFactory]: /home/abhigana/asset_portal/db/neo4j/development/data/graph.db/neostore.labeltokenstore.db.names hit=0 miss=0 switches=0 ooe=0
2017-04-06 05:31:06.392+0000 INFO  [o.n.k.i.n.s.StoreFactory]: /home/abhigana/asset_portal/db/neo4j/development/data/graph.db/neostore.labeltokenstore.db hit=0 miss=0 switches=0 ooe=0
2017-04-06 05:31:06.470+0000 INFO  [o.n.k.i.n.s.StoreFactory]: /home/abhigana/asset_portal/db/neo4j/development/data/graph.db/neostore.propertystore.db.strings hit=0 miss=0 switches=0 ooe=0
2017-04-06 05:31:06.560+0000 INFO  [o.n.k.i.n.s.StoreFactory]: /home/abhigana/asset_portal/db/neo4j/development/data/graph.db/neostore.propertystore.db.index.keys hit=0 miss=0 switches=0 ooe=0
2017-04-06 05:31:06.638+0000 INFO  [o.n.k.i.n.s.StoreFactory]: /home/abhigana/asset_portal/db/neo4j/development/data/graph.db/neostore.propertystore.db.index hit=0 miss=0 switches=0 ooe=0
2017-04-06 05:31:06.694+0000 INFO  [o.n.k.i.n.s.StoreFactory]: /home/abhigana/asset_portal/db/neo4j/development/data/graph.db/neostore.propertystore.db.arrays hit=0 miss=0 switches=0 ooe=0
2017-04-06 05:31:06.749+0000 INFO  [o.n.k.i.n.s.StoreFactory]: /home/abhigana/asset_portal/db/neo4j/development/data/graph.db/neostore.propertystore.db hit=0 miss=0 switches=0 ooe=0
2017-04-06 05:31:06.827+0000 INFO  [o.n.k.i.n.s.StoreFactory]: /home/abhigana/asset_portal/db/neo4j/development/data/graph.db/neostore.relationshipstore.db hit=0 miss=0 switches=0 ooe=0
2017-04-06 05:31:06.894+0000 INFO  [o.n.k.i.n.s.StoreFactory]: /home/abhigana/asset_portal/db/neo4j/development/data/graph.db/neostore.nodestore.db.labels hit=0 miss=0 switches=0 ooe=0
2017-04-06 05:31:06.972+0000 INFO  [o.n.k.i.n.s.StoreFactory]: /home/abhigana/asset_portal/db/neo4j/development/data/graph.db/neostore.nodestore.db hit=0 miss=0 switches=0 ooe=0
2017-04-06 05:31:07.039+0000 INFO  [o.n.k.i.n.s.StoreFactory]: /home/abhigana/asset_portal/db/neo4j/development/data/graph.db/neostore.schemastore.db hit=0 miss=0 switches=0 ooe=0
2017-04-06 05:31:07.117+0000 INFO  [o.n.k.i.n.s.StoreFactory]: /home/abhigana/asset_portal/db/neo4j/development/data/graph.db/neostore.relationshipgroupstore.db hit=0 miss=0 switches=0 ooe=0
2017-04-06 05:31:07.240+0000 INFO  [o.n.k.i.n.s.StoreFactory]: /home/abhigana/asset_portal/db/neo4j/development/data/graph.db/neostore hit=0 miss=10 switches=0 ooe=0
2017-04-06 05:31:07.302+0000 INFO  [o.n.k.i.n.s.StoreFactory]: [/home/abhigana/asset_portal/db/neo4j/development/data/graph.db/neostore.relationshiptypestore.db.names] brickCount=0 brickSize=0b mappedMem=0b (storeSize=38b)
2017-04-06 05:31:07.302+0000 INFO  [o.n.k.i.n.s.StoreFactory]: [/home/abhigana/asset_portal/db/neo4j/development/data/graph.db/neostore.relationshiptypestore.db] brickCount=0 brickSize=0b mappedMem=0b (storeSize=0b)
2017-04-06 05:31:07.303+0000 INFO  [o.n.k.i.n.s.StoreFactory]: [/home/abhigana/asset_portal/db/neo4j/development/data/graph.db/neostore.labeltokenstore.db.names] brickCount=0 brickSize=0b mappedMem=0b (storeSize=38b)
2017-04-06 05:31:07.303+0000 INFO  [o.n.k.i.n.s.StoreFactory]: [/home/abhigana/asset_portal/db/neo4j/development/data/graph.db/neostore.labeltokenstore.db] brickCount=0 brickSize=0b mappedMem=0b (storeSize=0b)
2017-04-06 05:31:07.303+0000 INFO  [o.n.k.i.n.s.StoreFactory]: [/home/abhigana/asset_portal/db/neo4j/development/data/graph.db/neostore.propertystore.db.strings] brickCount=0 brickSize=270464b mappedMem=270532608b (storeSize=128b)
2017-04-06 05:31:07.304+0000 INFO  [o.n.k.i.n.s.StoreFactory]: [/home/abhigana/asset_portal/db/neo4j/development/data/graph.db/neostore.propertystore.db.index.keys] brickCount=0 brickSize=0b mappedMem=0b (storeSize=38b)
2017-04-06 05:31:07.304+0000 INFO  [o.n.k.i.n.s.StoreFactory]: [/home/abhigana/asset_portal/db/neo4j/development/data/graph.db/neostore.propertystore.db.index] brickCount=0 brickSize=0b mappedMem=0b (storeSize=0b)
2017-04-06 05:31:07.304+0000 INFO  [o.n.k.i.n.s.StoreFactory]: [/home/abhigana/asset_portal/db/neo4j/development/data/graph.db/neostore.propertystore.db.arrays] brickCount=0 brickSize=307200b mappedMem=307232768b (storeSize=128b)
2017-04-06 05:31:07.305+0000 INFO  [o.n.k.i.n.s.StoreFactory]: [/home/abhigana/asset_portal/db/neo4j/development/data/graph.db/neostore.propertystore.db] brickCount=0 brickSize=3187668b mappedMem=318767104b (storeSize=0b)
2017-04-06 05:31:07.305+0000 INFO  [o.n.k.i.n.s.StoreFactory]: [/home/abhigana/asset_portal/db/neo4j/development/data/graph.db/neostore.relationshipstore.db] brickCount=0 brickSize=3900684b mappedMem=390070272b (storeSize=0b)
2017-04-06 05:31:07.305+0000 INFO  [o.n.k.i.n.s.StoreFactory]: [/home/abhigana/asset_portal/db/neo4j/development/data/graph.db/neostore.nodestore.db.labels] brickCount=0 brickSize=0b mappedMem=0b (storeSize=68b)
2017-04-06 05:31:07.305+0000 INFO  [o.n.k.i.n.s.StoreFactory]: [/home/abhigana/asset_portal/db/neo4j/development/data/graph.db/neostore.nodestore.db] brickCount=0 brickSize=880800b mappedMem=88080384b (storeSize=0b)
2017-04-06 05:31:07.306+0000 INFO  [o.n.k.i.n.s.StoreFactory]: [/home/abhigana/asset_portal/db/neo4j/development/data/graph.db/neostore.schemastore.db] brickCount=0 brickSize=0b mappedMem=0b (storeSize=64b)
2017-04-06 05:31:07.306+0000 INFO  [o.n.k.i.n.s.StoreFactory]: [/home/abhigana/asset_portal/db/neo4j/development/data/graph.db/neostore.relationshipgroupstore.db] brickCount=0 brickSize=0b mappedMem=0b (storeSize=25b)
2017-04-06 05:31:07.306+0000 INFO  [o.n.k.i.n.s.StoreFactory]: [/home/abhigana/asset_portal/db/neo4j/development/data/graph.db/neostore] brickCount=0 brickSize=0b mappedMem=0b (storeSize=81b)
2017-04-06 05:31:07.361+0000 INFO  [o.n.k.a.i.i.LuceneLabelScanStore]: No lucene scan store index found, this might just be first use. Preparing to rebuild.
2017-04-06 05:31:07.394+0000 INFO  [o.n.k.a.i.i.LuceneLabelScanStore]: No lucene scan store index found, this might just be first use. Preparing to rebuild.
2017-04-06 05:31:07.467+0000 INFO  [o.n.k.i.t.x.XaLogicalLog]: Opened logical log [/home/abhigana/asset_portal/db/neo4j/development/data/graph.db/nioneo_logical.log.1] version=0, lastTxId=1 (clean)
2017-04-06 05:31:07.544+0000 INFO  [o.n.k.a.i.i.LuceneLabelScanStore]: Rebuilding lucene scan store, this may take a while
2017-04-06 05:31:07.545+0000 INFO  [o.n.k.a.i.i.LuceneLabelScanStore]: Lucene scan store rebuilt (roughly -1 nodes)
2017-04-06 05:31:07.547+0000 INFO  [o.n.k.i.t.TxManager]: TM new log: tm_tx_log.1
2017-04-06 05:31:07.580+0000 INFO  [o.n.k.i.t.KernelHealth]: Kernel health set to OK
2017-04-06 05:31:07.758+0000 INFO  [o.n.k.i.t.x.XaLogicalLog]: Opened logical log [/home/abhigana/asset_portal/db/neo4j/development/data/graph.db/index/lucene.log.1] version=0, lastTxId=1 (clean)
2017-04-06 05:31:07.792+0000 INFO  [o.n.k.i.DiagnosticsManager]: --- STARTED diagnostics for KernelDiagnostics:Versions START ---
2017-04-06 05:31:07.792+0000 INFO  [o.n.k.i.DiagnosticsManager]: Graph Database: org.neo4j.kernel.EmbeddedGraphDatabase StoreId{creationTime=1491456664266, randomId=-7896625929140986979, storeVersion=14406081294923270, upgradeTime=1491456664266, upgradeId=-7896625929140986979}
2017-04-06 05:31:07.792+0000 INFO  [o.n.k.i.DiagnosticsManager]: Kernel version: Neo4j - Graph Database Kernel (neo4j-kernel), version: 2.1.6
2017-04-06 05:31:07.792+0000 INFO  [o.n.k.i.DiagnosticsManager]: Neo4j component versions:
2017-04-06 05:31:07.798+0000 INFO  [o.n.k.i.DiagnosticsManager]:   Neo4j - Lucene Index (neo4j-lucene-index), version: 2.1.6; revision: 2.1.6:2.1-maint:605/0d7f25fc608f15c54ec1a01f4ba4564ebfb1071a
2017-04-06 05:31:07.798+0000 INFO  [o.n.k.i.DiagnosticsManager]:   Neo4j - JMX support (neo4j-jmx), version: 2.1.6; revision: 2.1.6:2.1-maint:605/0d7f25fc608f15c54ec1a01f4ba4564ebfb1071a
2017-04-06 05:31:07.798+0000 INFO  [o.n.k.i.DiagnosticsManager]:   Neo4j - Graph Matching (neo4j-graph-matching), version: 2.1.6; revision: 2.1.6:2.1-maint:605/0d7f25fc608f15c54ec1a01f4ba4564ebfb1071a
2017-04-06 05:31:07.798+0000 INFO  [o.n.k.i.DiagnosticsManager]:   Neo4j - Cypher Compiler 2.1 (neo4j-cypher-compiler-2.1), version: 2.1.6; revision: 2.1.6:2.1-maint:605/0d7f25fc608f15c54ec1a01f4ba4564ebfb1071a
2017-04-06 05:31:07.798+0000 INFO  [o.n.k.i.DiagnosticsManager]:   Neo4j Server API (server-api), version: 2.1.6; revision: 2.1.6:2.1-maint:605/0d7f25fc608f15c54ec1a01f4ba4564ebfb1071a
2017-04-06 05:31:07.798+0000 INFO  [o.n.k.i.DiagnosticsManager]:   Neo4j - Graph Database Kernel (neo4j-kernel), version: 2.1.6; revision: 2.1.6:2.1-maint:605/0d7f25fc608f15c54ec1a01f4ba4564ebfb1071a
2017-04-06 05:31:07.798+0000 INFO  [o.n.k.i.DiagnosticsManager]:   Neo4j - Cypher (neo4j-cypher), version: 2.1.6; revision: 2.1.6:2.1-maint:605/0d7f25fc608f15c54ec1a01f4ba4564ebfb1071a
2017-04-06 05:31:07.798+0000 INFO  [o.n.k.i.DiagnosticsManager]:   Neo4j Server (neo4j-server), version: 2.1.6; revision: 2.1.6:2.1-maint:605/0d7f25fc608f15c54ec1a01f4ba4564ebfb1071a
2017-04-06 05:31:07.799+0000 INFO  [o.n.k.i.DiagnosticsManager]:   Neo4j - Graph Algorithms (neo4j-graph-algo), version: 2.1.6; revision: 2.1.6:2.1-maint:605/0d7f25fc608f15c54ec1a01f4ba4564ebfb1071a
2017-04-06 05:31:07.799+0000 INFO  [o.n.k.i.DiagnosticsManager]:   Neo4j - Cypher Compiler 2.0 (neo4j-cypher-compiler-2.0), version: 2.0.3; revision: 2.0.3:2.0-maint:72/307c563c11b75fdc71cfa6df05daf9b08d6c37dc
2017-04-06 05:31:07.799+0000 INFO  [o.n.k.i.DiagnosticsManager]:   Neo4j - Generic shell (neo4j-shell), version: 2.1.6; revision: 2.1.6:2.1-maint:605/0d7f25fc608f15c54ec1a01f4ba4564ebfb1071a
2017-04-06 05:31:07.799+0000 INFO  [o.n.k.i.DiagnosticsManager]:   Neo4j - Cypher Compiler 1.9 (neo4j-cypher-compiler-1.9), version: 2.0.3; revision: 2.0.3:2.0-maint:72/307c563c11b75fdc71cfa6df05daf9b08d6c37dc
2017-04-06 05:31:07.799+0000 INFO  [o.n.k.i.DiagnosticsManager]:   neo4j-udc, version: 2.1.6; revision: 2.1.6:2.1-maint:605/0d7f25fc608f15c54ec1a01f4ba4564ebfb1071a
2017-04-06 05:31:07.799+0000 INFO  [o.n.k.i.DiagnosticsManager]:   Neo4j - Cypher Commons (neo4j-cypher-commons), version: 2.1.6; revision: 2.1.6:2.1-maint:605/0d7f25fc608f15c54ec1a01f4ba4564ebfb1071a
2017-04-06 05:31:07.799+0000 INFO  [o.n.k.i.DiagnosticsManager]: --- STARTED diagnostics for KernelDiagnostics:Versions END ---
2017-04-06 05:31:07.801+0000 INFO  [o.n.k.i.DiagnosticsManager]: --- STARTED diagnostics for NEO_STORE_VERSIONS START ---
2017-04-06 05:31:07.801+0000 INFO  [o.n.k.i.DiagnosticsManager]: Store versions:
2017-04-06 05:31:07.801+0000 INFO  [o.n.k.i.DiagnosticsManager]: Store versions:
2017-04-06 05:31:07.801+0000 INFO  [o.n.k.i.DiagnosticsManager]:   NeoStore v0.A.3
2017-04-06 05:31:07.801+0000 INFO  [o.n.k.i.DiagnosticsManager]:   SchemaStore v0.A.3
2017-04-06 05:31:07.801+0000 INFO  [o.n.k.i.DiagnosticsManager]:   NodeStore v0.A.3
2017-04-06 05:31:07.801+0000 INFO  [o.n.k.i.DiagnosticsManager]:   RelationshipStore v0.A.3
2017-04-06 05:31:07.801+0000 INFO  [o.n.k.i.DiagnosticsManager]:   RelationshipTypeStore v0.A.3
2017-04-06 05:31:07.801+0000 INFO  [o.n.k.i.DiagnosticsManager]:   LabelTokenStore v0.A.3
2017-04-06 05:31:07.801+0000 INFO  [o.n.k.i.DiagnosticsManager]:   PropertyStore v0.A.3
2017-04-06 05:31:07.802+0000 INFO  [o.n.k.i.DiagnosticsManager]:   PropertyIndexStore v0.A.3
2017-04-06 05:31:07.802+0000 INFO  [o.n.k.i.DiagnosticsManager]:   StringPropertyStore v0.A.3
2017-04-06 05:31:07.802+0000 INFO  [o.n.k.i.DiagnosticsManager]:   ArrayPropertyStore v0.A.3
2017-04-06 05:31:07.802+0000 INFO  [o.n.k.i.DiagnosticsManager]:   RelationshipGroupStore v0.A.3
2017-04-06 05:31:07.802+0000 INFO  [o.n.k.i.DiagnosticsManager]: --- STARTED diagnostics for NEO_STORE_VERSIONS END ---
2017-04-06 05:31:07.802+0000 INFO  [o.n.k.i.DiagnosticsManager]: --- STARTED diagnostics for NEO_STORE_ID_USAGE START ---
2017-04-06 05:31:07.802+0000 INFO  [o.n.k.i.DiagnosticsManager]: Id usage:
2017-04-06 05:31:07.802+0000 INFO  [o.n.k.i.DiagnosticsManager]: Id usage:
2017-04-06 05:31:07.802+0000 INFO  [o.n.k.i.DiagnosticsManager]:   SchemaStore: used=1 high=0
2017-04-06 05:31:07.802+0000 INFO  [o.n.k.i.DiagnosticsManager]:   NodeStore: used=0 high=-1
2017-04-06 05:31:07.802+0000 INFO  [o.n.k.i.DiagnosticsManager]:   RelationshipStore: used=0 high=-1
2017-04-06 05:31:07.802+0000 INFO  [o.n.k.i.DiagnosticsManager]:   RelationshipTypeStore: used=0 high=-1
2017-04-06 05:31:07.803+0000 INFO  [o.n.k.i.DiagnosticsManager]:   LabelTokenStore: used=0 high=-1
2017-04-06 05:31:07.803+0000 INFO  [o.n.k.i.DiagnosticsManager]:   PropertyStore: used=0 high=-1
2017-04-06 05:31:07.803+0000 INFO  [o.n.k.i.DiagnosticsManager]:   PropertyIndexStore: used=0 high=-1
2017-04-06 05:31:07.803+0000 INFO  [o.n.k.i.DiagnosticsManager]:   StringPropertyStore: used=1 high=0
2017-04-06 05:31:07.803+0000 INFO  [o.n.k.i.DiagnosticsManager]:   ArrayPropertyStore: used=1 high=0
2017-04-06 05:31:07.803+0000 INFO  [o.n.k.i.DiagnosticsManager]:   RelationshipGroupStore: used=1 high=0
2017-04-06 05:31:07.803+0000 INFO  [o.n.k.i.DiagnosticsManager]: --- STARTED diagnostics for NEO_STORE_ID_USAGE END ---
2017-04-06 05:31:07.803+0000 INFO  [o.n.k.i.DiagnosticsManager]: --- STARTED diagnostics for PERSISTENCE_WINDOW_POOL_STATS START ---
2017-04-06 05:31:07.803+0000 INFO  [o.n.k.i.DiagnosticsManager]: --- STARTED diagnostics for PERSISTENCE_WINDOW_POOL_STATS END ---
2017-04-06 05:31:07.804+0000 INFO  [o.n.k.i.DiagnosticsManager]: --- STARTED diagnostics for KernelDiagnostics:StoreFiles START ---
2017-04-06 05:31:07.804+0000 INFO  [o.n.k.i.DiagnosticsManager]: Disk space on partition (Total / Free / Free %): 78482677760 / 33111580672 / 42
Storage files: (filename : modification date - size)
2017-04-06 05:31:07.806+0000 INFO  [o.n.k.i.DiagnosticsManager]:   active_tx_log: 2017-04-06T11:01:07+0530 - 11.00 B
2017-04-06 05:31:07.806+0000 INFO  [o.n.k.i.DiagnosticsManager]:   index:
2017-04-06 05:31:07.807+0000 INFO  [o.n.k.i.DiagnosticsManager]:     lucene-store.db: 2017-04-06T11:01:07+0530 - 40.00 B
2017-04-06 05:31:07.807+0000 INFO  [o.n.k.i.DiagnosticsManager]:     lucene.log.1: 2017-04-06T11:01:07+0530 - 16.00 B
2017-04-06 05:31:07.807+0000 INFO  [o.n.k.i.DiagnosticsManager]:     lucene.log.active: 2017-04-06T11:01:07+0530 - 4.00 B
2017-04-06 05:31:07.808+0000 INFO  [o.n.k.i.DiagnosticsManager]:   - Total: 2017-04-06T11:01:07+0530 - 60.00 B
2017-04-06 05:31:07.808+0000 INFO  [o.n.k.i.DiagnosticsManager]:   lock: 2017-04-06T11:01:07+0530 - 0.00 B
2017-04-06 05:31:07.808+0000 INFO  [o.n.k.i.DiagnosticsManager]:   messages.log: 2017-04-06T11:01:07+0530 - 44.54 kB
2017-04-06 05:31:07.809+0000 INFO  [o.n.k.i.DiagnosticsManager]:   neostore: 2017-04-06T11:01:07+0530 - 81.00 B
2017-04-06 05:31:07.809+0000 INFO  [o.n.k.i.DiagnosticsManager]:   neostore.id: 2017-04-06T11:01:07+0530 - 9.00 B
2017-04-06 05:31:07.809+0000 INFO  [o.n.k.i.DiagnosticsManager]:   neostore.labeltokenstore.db: 2017-04-06T11:01:07+0530 - 0.00 B
2017-04-06 05:31:07.809+0000 INFO  [o.n.k.i.DiagnosticsManager]:   neostore.labeltokenstore.db.id: 2017-04-06T11:01:07+0530 - 9.00 B
2017-04-06 05:31:07.810+0000 INFO  [o.n.k.i.DiagnosticsManager]:   neostore.labeltokenstore.db.names: 2017-04-06T11:01:07+0530 - 38.00 B
2017-04-06 05:31:07.810+0000 INFO  [o.n.k.i.DiagnosticsManager]:   neostore.labeltokenstore.db.names.id: 2017-04-06T11:01:07+0530 - 9.00 B
2017-04-06 05:31:07.810+0000 INFO  [o.n.k.i.DiagnosticsManager]:   neostore.nodestore.db: 2017-04-06T11:01:07+0530 - 0.00 B
2017-04-06 05:31:07.811+0000 INFO  [o.n.k.i.DiagnosticsManager]:   neostore.nodestore.db.id: 2017-04-06T11:01:07+0530 - 9.00 B
2017-04-06 05:31:07.811+0000 INFO  [o.n.k.i.DiagnosticsManager]:   neostore.nodestore.db.labels: 2017-04-06T11:01:07+0530 - 68.00 B
2017-04-06 05:31:07.812+0000 INFO  [o.n.k.i.DiagnosticsManager]:   neostore.nodestore.db.labels.id: 2017-04-06T11:01:07+0530 - 9.00 B
2017-04-06 05:31:07.812+0000 INFO  [o.n.k.i.DiagnosticsManager]:   neostore.propertystore.db: 2017-04-06T11:01:07+0530 - 0.00 B
2017-04-06 05:31:07.812+0000 INFO  [o.n.k.i.DiagnosticsManager]:   neostore.propertystore.db.arrays: 2017-04-06T11:01:07+0530 - 128.00 B
2017-04-06 05:31:07.813+0000 INFO  [o.n.k.i.DiagnosticsManager]:   neostore.propertystore.db.arrays.id: 2017-04-06T11:01:07+0530 - 9.00 B
2017-04-06 05:31:07.813+0000 INFO  [o.n.k.i.DiagnosticsManager]:   neostore.propertystore.db.id: 2017-04-06T11:01:07+0530 - 9.00 B
2017-04-06 05:31:07.814+0000 INFO  [o.n.k.i.DiagnosticsManager]:   neostore.propertystore.db.index: 2017-04-06T11:01:07+0530 - 0.00 B
2017-04-06 05:31:07.814+0000 INFO  [o.n.k.i.DiagnosticsManager]:   neostore.propertystore.db.index.id: 2017-04-06T11:01:07+0530 - 9.00 B
2017-04-06 05:31:07.814+0000 INFO  [o.n.k.i.DiagnosticsManager]:   neostore.propertystore.db.index.keys: 2017-04-06T11:01:07+0530 - 38.00 B
2017-04-06 05:31:07.815+0000 INFO  [o.n.k.i.DiagnosticsManager]:   neostore.propertystore.db.index.keys.id: 2017-04-06T11:01:07+0530 - 9.00 B
2017-04-06 05:31:07.815+0000 INFO  [o.n.k.i.DiagnosticsManager]:   neostore.propertystore.db.strings: 2017-04-06T11:01:07+0530 - 128.00 B
2017-04-06 05:31:07.815+0000 INFO  [o.n.k.i.DiagnosticsManager]:   neostore.propertystore.db.strings.id: 2017-04-06T11:01:07+0530 - 9.00 B
2017-04-06 05:31:07.815+0000 INFO  [o.n.k.i.DiagnosticsManager]:   neostore.relationshipgroupstore.db: 2017-04-06T11:01:07+0530 - 25.00 B
2017-04-06 05:31:07.816+0000 INFO  [o.n.k.i.DiagnosticsManager]:   neostore.relationshipgroupstore.db.id: 2017-04-06T11:01:07+0530 - 9.00 B
2017-04-06 05:31:07.816+0000 INFO  [o.n.k.i.DiagnosticsManager]:   neostore.relationshipstore.db: 2017-04-06T11:01:07+0530 - 0.00 B
2017-04-06 05:31:07.816+0000 INFO  [o.n.k.i.DiagnosticsManager]:   neostore.relationshipstore.db.id: 2017-04-06T11:01:07+0530 - 9.00 B
2017-04-06 05:31:07.817+0000 INFO  [o.n.k.i.DiagnosticsManager]:   neostore.relationshiptypestore.db: 2017-04-06T11:01:07+0530 - 0.00 B
2017-04-06 05:31:07.817+0000 INFO  [o.n.k.i.DiagnosticsManager]:   neostore.relationshiptypestore.db.id: 2017-04-06T11:01:07+0530 - 9.00 B
2017-04-06 05:31:07.817+0000 INFO  [o.n.k.i.DiagnosticsManager]:   neostore.relationshiptypestore.db.names: 2017-04-06T11:01:07+0530 - 38.00 B
2017-04-06 05:31:07.817+0000 INFO  [o.n.k.i.DiagnosticsManager]:   neostore.relationshiptypestore.db.names.id: 2017-04-06T11:01:07+0530 - 9.00 B
2017-04-06 05:31:07.818+0000 INFO  [o.n.k.i.DiagnosticsManager]:   neostore.schemastore.db: 2017-04-06T11:01:07+0530 - 64.00 B
2017-04-06 05:31:07.818+0000 INFO  [o.n.k.i.DiagnosticsManager]:   neostore.schemastore.db.id: 2017-04-06T11:01:07+0530 - 9.00 B
2017-04-06 05:31:07.818+0000 INFO  [o.n.k.i.DiagnosticsManager]:   nioneo_logical.log.1: 2017-04-06T11:01:07+0530 - 16.00 B
2017-04-06 05:31:07.819+0000 INFO  [o.n.k.i.DiagnosticsManager]:   nioneo_logical.log.active: 2017-04-06T11:01:07+0530 - 4.00 B
2017-04-06 05:31:07.819+0000 INFO  [o.n.k.i.DiagnosticsManager]:   schema:
2017-04-06 05:31:07.819+0000 INFO  [o.n.k.i.DiagnosticsManager]:     label:
2017-04-06 05:31:07.819+0000 INFO  [o.n.k.i.DiagnosticsManager]:       lucene:
2017-04-06 05:31:07.819+0000 INFO  [o.n.k.i.DiagnosticsManager]:         write.lock: 2017-04-06T11:01:07+0530 - 0.00 B
2017-04-06 05:31:07.819+0000 INFO  [o.n.k.i.DiagnosticsManager]:       - Total: 2017-04-06T11:01:07+0530 - 0.00 B
2017-04-06 05:31:07.820+0000 INFO  [o.n.k.i.DiagnosticsManager]:     - Total: 2017-04-06T11:01:07+0530 - 0.00 B
2017-04-06 05:31:07.820+0000 INFO  [o.n.k.i.DiagnosticsManager]:   - Total: 2017-04-06T11:01:07+0530 - 0.00 B
2017-04-06 05:31:07.820+0000 INFO  [o.n.k.i.DiagnosticsManager]:   store_lock: 2017-04-06T11:01:04+0530 - 0.00 B
2017-04-06 05:31:07.821+0000 INFO  [o.n.k.i.DiagnosticsManager]:   tm_tx_log.1: 2017-04-06T11:01:07+0530 - 0.00 B
2017-04-06 05:31:07.821+0000 INFO  [o.n.k.i.DiagnosticsManager]: --- STARTED diagnostics for KernelDiagnostics:StoreFiles END ---
2017-04-06 05:31:07.859+0000 INFO  [o.n.k.EmbeddedGraphDatabase]: Database is now ready
2017-04-06 05:31:08.292+0000 INFO  [o.n.s.d.LifecycleManagingDatabase]: Successfully started database
2017-04-06 05:31:08.292+0000 INFO  [o.n.k.i.DiagnosticsManager]: --- SERVER STARTED START ---
2017-04-06 05:31:08.364+0000 INFO  [o.n.s.CommunityNeoServer]: Starting HTTP on port :7474 with 40 threads available
2017-04-06 05:31:08.513+0000 INFO  [o.n.s.CommunityNeoServer]: Enabling HTTPS on port :7473
2017-04-06 05:31:08.513+0000 INFO  [o.n.s.CommunityNeoServer]: No SSL certificate found, generating a self-signed certificate..
2017-04-06 05:31:08.833+0000 INFO  [o.n.k.i.DiagnosticsManager]: --- STARTED diagnostics for org.neo4j.server.configuration.Configurator START ---
2017-04-06 05:31:08.836+0000 INFO  [o.n.k.i.DiagnosticsManager]: Server configuration:
2017-04-06 05:31:08.836+0000 INFO  [o.n.k.i.DiagnosticsManager]: org.neo4j.server.database.location = data/graph.db
2017-04-06 05:31:08.836+0000 INFO  [o.n.k.i.DiagnosticsManager]: org.neo4j.server.webserver.port = 7474
2017-04-06 05:31:08.836+0000 INFO  [o.n.k.i.DiagnosticsManager]: org.neo4j.server.webserver.https.enabled = true
2017-04-06 05:31:08.836+0000 INFO  [o.n.k.i.DiagnosticsManager]: org.neo4j.server.webserver.https.port = 7473
2017-04-06 05:31:08.836+0000 INFO  [o.n.k.i.DiagnosticsManager]: org.neo4j.server.webserver.https.cert.location = conf/ssl/snakeoil.cert
2017-04-06 05:31:08.836+0000 INFO  [o.n.k.i.DiagnosticsManager]: org.neo4j.server.webserver.https.key.location = conf/ssl/snakeoil.key
2017-04-06 05:31:08.836+0000 INFO  [o.n.k.i.DiagnosticsManager]: org.neo4j.server.webserver.https.keystore.location = data/keystore
2017-04-06 05:31:08.836+0000 INFO  [o.n.k.i.DiagnosticsManager]: org.neo4j.server.webadmin.rrdb.location = data/rrd
2017-04-06 05:31:08.836+0000 INFO  [o.n.k.i.DiagnosticsManager]: org.neo4j.server.db.tuning.properties = conf/neo4j.properties
2017-04-06 05:31:08.837+0000 INFO  [o.n.k.i.DiagnosticsManager]: org.neo4j.server.manage.console_engines = shell
2017-04-06 05:31:08.837+0000 INFO  [o.n.k.i.DiagnosticsManager]: org.neo4j.server.http.log.enabled = false
2017-04-06 05:31:08.837+0000 INFO  [o.n.k.i.DiagnosticsManager]: org.neo4j.server.http.log.config = conf/neo4j-http-logging.xml
2017-04-06 05:31:08.837+0000 INFO  [o.n.k.i.DiagnosticsManager]: org.neo4j.server.webadmin.management.uri = /db/manage/
2017-04-06 05:31:08.837+0000 INFO  [o.n.k.i.DiagnosticsManager]: org.neo4j.server.webadmin.data.uri = /db/data/
2017-04-06 05:31:08.837+0000 INFO  [o.n.k.i.DiagnosticsManager]: --- STARTED diagnostics for org.neo4j.server.configuration.Configurator END ---
2017-04-06 05:31:08.841+0000 INFO  [o.n.s.m.DiscoveryModule]: Mounted discovery module at [/]
2017-04-06 05:31:08.852+0000 INFO  [o.n.s.m.RESTApiModule]: Mounted REST API at [/db/data/]
2017-04-06 05:31:08.854+0000 INFO  [o.n.s.m.ManagementApiModule]: Mounted management API at [/db/manage/]
2017-04-06 05:31:08.854+0000 INFO  [o.n.s.m.WebAdminModule]: Mounted webadmin at [/webadmin]
2017-04-06 05:31:08.855+0000 INFO  [o.n.s.m.Neo4jBrowserModule]: Mounted Neo4j Browser at [/browser]
2017-04-06 05:31:08.903+0000 INFO  [o.n.s.w.Jetty9WebServer]: Mounting static content at [/webadmin] from [webadmin-html]
2017-04-06 05:31:08.954+0000 INFO  [o.n.s.w.Jetty9WebServer]: Mounting static content at [/browser] from [browser]
2017-04-06 05:31:10.045+0000 INFO  [o.n.s.CommunityNeoServer]: Server started on: http://localhost:7474/
2017-04-06 05:31:10.046+0000 INFO  [o.n.s.CommunityNeoServer]: Remote interface ready and available at [http://localhost:7474/]
2017-04-06 05:31:10.046+0000 INFO  [o.n.k.i.DiagnosticsManager]: --- SERVER STARTED END ---
