2017-04-06 05:31:03.885+0000 INFO  [API] Setting startup timeout to: 120000ms based on -1
2017-04-06 05:31:08.292+0000 INFO  [API] Successfully started database
2017-04-06 05:31:08.364+0000 INFO  [API] Starting HTTP on port :7474 with 40 threads available
2017-04-06 05:31:08.513+0000 INFO  [API] Enabling HTTPS on port :7473
2017-04-06 05:31:08.513+0000 INFO  [API] No SSL certificate found, generating a self-signed certificate..
2017-04-06 05:31:08.841+0000 INFO  [API] Mounted discovery module at [/]
2017-04-06 05:31:08.852+0000 INFO  [API] Mounted REST API at [/db/data/]
2017-04-06 05:31:08.854+0000 INFO  [API] Mounted management API at [/db/manage/]
2017-04-06 05:31:08.854+0000 INFO  [API] Mounted webadmin at [/webadmin]
2017-04-06 05:31:08.855+0000 INFO  [API] Mounted Neo4j Browser at [/browser]
2017-04-06 05:31:08.903+0000 INFO  [API] Mounting static content at [/webadmin] from [webadmin-html]
2017-04-06 05:31:08.954+0000 INFO  [API] Mounting static content at [/browser] from [browser]
11:01:08.957 [main] WARN  o.e.j.server.handler.ContextHandler - o.e.j.s.ServletContextHandler@4d95aab2{/,null,null} contextPath ends with /
11:01:08.957 [main] WARN  o.e.j.server.handler.ContextHandler - Empty contextPath
11:01:08.958 [main] INFO  org.eclipse.jetty.server.Server - jetty-9.0.5.v20130815
11:01:08.977 [main] INFO  o.e.j.server.handler.ContextHandler - Started o.e.j.s.h.MovedContextHandler@7a4f4a8c{/,null,AVAILABLE}
11:01:09.056 [main] INFO  o.e.j.w.StandardDescriptorProcessor - NO JSP Support for /webadmin, did not find org.apache.jasper.servlet.JspServlet
11:01:09.066 [main] INFO  o.e.j.server.handler.ContextHandler - Started o.e.j.w.WebAppContext@219747d0{/webadmin,jar:file:/home/abhigana/asset_portal/db/neo4j/development/system/lib/neo4j-server-2.1.6-static-web.jar!/webadmin-html,AVAILABLE}
11:01:09.553 [main] INFO  o.e.j.server.handler.ContextHandler - Started o.e.j.s.ServletContextHandler@1b51c665{/db/manage,null,AVAILABLE}
11:01:09.807 [main] INFO  o.e.j.server.handler.ContextHandler - Started o.e.j.s.ServletContextHandler@48cf1990{/db/data,null,AVAILABLE}
11:01:09.825 [main] INFO  o.e.j.w.StandardDescriptorProcessor - NO JSP Support for /browser, did not find org.apache.jasper.servlet.JspServlet
11:01:09.826 [main] INFO  o.e.j.server.handler.ContextHandler - Started o.e.j.w.WebAppContext@7b61c4fa{/browser,jar:file:/home/abhigana/asset_portal/db/neo4j/development/system/lib/neo4j-browser-2.1.6.jar!/browser,AVAILABLE}
11:01:09.935 [main] INFO  o.e.j.server.handler.ContextHandler - Started o.e.j.s.ServletContextHandler@4d95aab2{/,null,AVAILABLE}
11:01:09.947 [main] INFO  o.e.jetty.server.ServerConnector - Started ServerConnector@73dbaf35{HTTP/1.1}{localhost:7474}
11:01:10.044 [main] INFO  o.e.jetty.server.ServerConnector - Started ServerConnector@2f93eb44{SSL-HTTP/1.1}{localhost:7473}
2017-04-06 05:31:10.045+0000 INFO  [API] Server started on: http://localhost:7474/
2017-04-06 05:31:10.046+0000 INFO  [API] Remote interface ready and available at [http://localhost:7474/]
2017-04-10 04:31:14.323+0000 INFO  [API] Setting startup timeout to: 120000ms based on -1
Detected incorrectly shut down database, performing recovery..
2017-04-10 04:31:20.135+0000 INFO  [API] Successfully started database
2017-04-10 04:31:20.349+0000 INFO  [API] Starting HTTP on port :7474 with 20 threads available
2017-04-10 04:31:20.655+0000 INFO  [API] Enabling HTTPS on port :7473
2017-04-10 04:31:20.900+0000 INFO  [API] Mounted discovery module at [/]
2017-04-10 04:31:20.907+0000 INFO  [API] Mounted REST API at [/db/data/]
2017-04-10 04:31:20.910+0000 INFO  [API] Mounted management API at [/db/manage/]
2017-04-10 04:31:20.913+0000 INFO  [API] Mounted webadmin at [/webadmin]
2017-04-10 04:31:20.915+0000 INFO  [API] Mounted Neo4j Browser at [/browser]
2017-04-10 04:31:21.025+0000 INFO  [API] Mounting static content at [/webadmin] from [webadmin-html]
2017-04-10 04:31:21.096+0000 INFO  [API] Mounting static content at [/browser] from [browser]
10:01:21.098 [main] WARN  o.e.j.server.handler.ContextHandler - o.e.j.s.ServletContextHandler@4af46df3{/,null,null} contextPath ends with /
10:01:21.098 [main] WARN  o.e.j.server.handler.ContextHandler - Empty contextPath
10:01:21.101 [main] INFO  org.eclipse.jetty.server.Server - jetty-9.0.5.v20130815
10:01:21.142 [main] INFO  o.e.j.server.handler.ContextHandler - Started o.e.j.s.h.MovedContextHandler@51ec2df1{/,null,AVAILABLE}
10:01:21.263 [main] INFO  o.e.j.w.StandardDescriptorProcessor - NO JSP Support for /webadmin, did not find org.apache.jasper.servlet.JspServlet
10:01:21.276 [main] INFO  o.e.j.server.handler.ContextHandler - Started o.e.j.w.WebAppContext@7103ab0{/webadmin,jar:file:/home/mahathi/railway-timetable-schedule/db/neo4j/development/system/lib/neo4j-server-2.1.6-static-web.jar!/webadmin-html,AVAILABLE}
10:01:21.964 [main] INFO  o.e.j.server.handler.ContextHandler - Started o.e.j.s.ServletContextHandler@46d63dbb{/db/manage,null,AVAILABLE}
10:01:22.263 [main] INFO  o.e.j.server.handler.ContextHandler - Started o.e.j.s.ServletContextHandler@670d4d38{/db/data,null,AVAILABLE}
10:01:22.289 [main] INFO  o.e.j.w.StandardDescriptorProcessor - NO JSP Support for /browser, did not find org.apache.jasper.servlet.JspServlet
10:01:22.290 [main] INFO  o.e.j.server.handler.ContextHandler - Started o.e.j.w.WebAppContext@2e060819{/browser,jar:file:/home/mahathi/railway-timetable-schedule/db/neo4j/development/system/lib/neo4j-browser-2.1.6.jar!/browser,AVAILABLE}
10:01:22.407 [main] INFO  o.e.j.server.handler.ContextHandler - Started o.e.j.s.ServletContextHandler@4af46df3{/,null,AVAILABLE}
10:01:22.455 [main] INFO  o.e.jetty.server.ServerConnector - Started ServerConnector@407873d3{HTTP/1.1}{localhost:7474}
10:01:22.670 [main] INFO  o.e.jetty.server.ServerConnector - Started ServerConnector@2620e717{SSL-HTTP/1.1}{localhost:7473}
2017-04-10 04:31:22.670+0000 INFO  [API] Server started on: http://localhost:7474/
2017-04-10 04:31:22.676+0000 INFO  [API] Remote interface ready and available at [http://localhost:7474/]
2017-04-12 17:47:16.675+0000 INFO  [API] Neo4j Server shutdown initiated by request
23:17:16.685 [Thread-14] INFO  o.e.jetty.server.ServerConnector - Stopped ServerConnector@407873d3{HTTP/1.1}{localhost:7474}
23:17:16.689 [Thread-14] INFO  o.e.jetty.server.ServerConnector - Stopped ServerConnector@2620e717{SSL-HTTP/1.1}{localhost:7473}
23:17:16.692 [Thread-14] INFO  o.e.j.server.handler.ContextHandler - Stopped o.e.j.s.ServletContextHandler@4af46df3{/,null,UNAVAILABLE}
23:17:16.694 [Thread-14] INFO  o.e.j.server.handler.ContextHandler - Stopped o.e.j.w.WebAppContext@2e060819{/browser,jar:file:/home/mahathi/railway-timetable-schedule/db/neo4j/development/system/lib/neo4j-browser-2.1.6.jar!/browser,UNAVAILABLE}
23:17:16.695 [Thread-14] INFO  o.e.j.server.handler.ContextHandler - Stopped o.e.j.s.ServletContextHandler@670d4d38{/db/data,null,UNAVAILABLE}
23:17:16.696 [Thread-14] INFO  o.e.j.server.handler.ContextHandler - Stopped o.e.j.s.ServletContextHandler@46d63dbb{/db/manage,null,UNAVAILABLE}
23:17:16.698 [Thread-14] INFO  o.e.j.server.handler.ContextHandler - Stopped o.e.j.w.WebAppContext@7103ab0{/webadmin,jar:file:/home/mahathi/railway-timetable-schedule/db/neo4j/development/system/lib/neo4j-server-2.1.6-static-web.jar!/webadmin-html,UNAVAILABLE}
23:17:16.698 [Thread-14] INFO  o.e.j.server.handler.ContextHandler - Stopped o.e.j.s.h.MovedContextHandler@51ec2df1{/,null,UNAVAILABLE}
2017-04-12 17:47:16.920+0000 INFO  [API] Successfully shutdown Neo4j Server.
2017-04-12 17:47:18.221+0000 INFO  [API] Successfully stopped database
2017-04-12 17:47:18.221+0000 INFO  [API] Successfully shutdown database.
2017-04-13 16:08:42.340+0000 INFO  [API] Setting startup timeout to: 120000ms based on -1
2017-04-13 16:08:45.989+0000 INFO  [API] Successfully started database
2017-04-13 16:08:46.236+0000 INFO  [API] Starting HTTP on port :7474 with 20 threads available
2017-04-13 16:08:46.572+0000 INFO  [API] Enabling HTTPS on port :7473
2017-04-13 16:08:46.809+0000 INFO  [API] Mounted discovery module at [/]
2017-04-13 16:08:46.817+0000 INFO  [API] Mounted REST API at [/db/data/]
2017-04-13 16:08:46.819+0000 INFO  [API] Mounted management API at [/db/manage/]
2017-04-13 16:08:46.820+0000 INFO  [API] Mounted webadmin at [/webadmin]
2017-04-13 16:08:46.820+0000 INFO  [API] Mounted Neo4j Browser at [/browser]
2017-04-13 16:08:46.916+0000 INFO  [API] Mounting static content at [/webadmin] from [webadmin-html]
2017-04-13 16:08:47.004+0000 INFO  [API] Mounting static content at [/browser] from [browser]
21:38:47.007 [main] WARN  o.e.j.server.handler.ContextHandler - o.e.j.s.ServletContextHandler@782168b7{/,null,null} contextPath ends with /
21:38:47.007 [main] WARN  o.e.j.server.handler.ContextHandler - Empty contextPath
21:38:47.009 [main] INFO  org.eclipse.jetty.server.Server - jetty-9.0.5.v20130815
21:38:47.039 [main] INFO  o.e.j.server.handler.ContextHandler - Started o.e.j.s.h.MovedContextHandler@31ee96f4{/,null,AVAILABLE}
21:38:47.127 [main] INFO  o.e.j.w.StandardDescriptorProcessor - NO JSP Support for /webadmin, did not find org.apache.jasper.servlet.JspServlet
21:38:47.143 [main] INFO  o.e.j.server.handler.ContextHandler - Started o.e.j.w.WebAppContext@28a6301f{/webadmin,jar:file:/home/mahathi/railway-timetable-schedule/db/neo4j/development/system/lib/neo4j-server-2.1.6-static-web.jar!/webadmin-html,AVAILABLE}
21:38:47.740 [main] INFO  o.e.j.server.handler.ContextHandler - Started o.e.j.s.ServletContextHandler@38af1bf6{/db/manage,null,AVAILABLE}
21:38:48.029 [main] INFO  o.e.j.server.handler.ContextHandler - Started o.e.j.s.ServletContextHandler@6ba7383d{/db/data,null,AVAILABLE}
21:38:48.056 [main] INFO  o.e.j.w.StandardDescriptorProcessor - NO JSP Support for /browser, did not find org.apache.jasper.servlet.JspServlet
21:38:48.057 [main] INFO  o.e.j.server.handler.ContextHandler - Started o.e.j.w.WebAppContext@4fc142ec{/browser,jar:file:/home/mahathi/railway-timetable-schedule/db/neo4j/development/system/lib/neo4j-browser-2.1.6.jar!/browser,AVAILABLE}
21:38:48.167 [main] INFO  o.e.j.server.handler.ContextHandler - Started o.e.j.s.ServletContextHandler@782168b7{/,null,AVAILABLE}
21:38:48.220 [main] INFO  o.e.jetty.server.ServerConnector - Started ServerConnector@a0f53fc{HTTP/1.1}{localhost:7474}
21:38:48.426 [main] INFO  o.e.jetty.server.ServerConnector - Started ServerConnector@5a2fa51f{SSL-HTTP/1.1}{localhost:7473}
2017-04-13 16:08:48.427+0000 INFO  [API] Server started on: http://localhost:7474/
2017-04-13 16:08:48.427+0000 INFO  [API] Remote interface ready and available at [http://localhost:7474/]
